[2026-05-27 12:07:48,314] INFO in server: Started server process [3052]
[2026-05-27 12:07:48,314] INFO in on: Waiting for application startup.
[2026-05-27 12:07:48,314] INFO in main: ⚠️ [API Test Mode] ข้ามการเชื่อมต่อฐานข้อมูล MongoDB ชั่วคราว...
[2026-05-27 12:07:48,316] INFO in on: Application startup complete.
[2026-05-27 12:08:05,065] INFO in _client: HTTP Request: POST http://testserver/api/v1/auth/register "HTTP/1.1 400 Bad Request"
[2026-05-27 12:08:05,068] INFO in _client: HTTP Request: POST http://testserver/api/v1/auth/register "HTTP/1.1 422 Unprocessable Entity"
[2026-05-27 12:08:05,072] INFO in _client: HTTP Request: POST http://testserver/api/v1/auth/register "HTTP/1.1 422 Unprocessable Entity"
[2026-05-27 12:08:05,076] INFO in _client: HTTP Request: GET http://testserver/api/v1/courts?date=27-05-2026 "HTTP/1.1 400 Bad Request"
[2026-05-27 12:08:05,271] INFO in _client: HTTP Request: POST http://testserver/api/v1/auth/register "HTTP/1.1 201 Created"
[2026-05-27 12:08:05,566] INFO in _client: HTTP Request: POST http://testserver/api/v1/auth/register "HTTP/1.1 201 Created"
[2026-05-27 12:08:05,566] INFO in _client: HTTP Request: POST http://testserver/api/v1/queues/book "HTTP/1.1 403 Forbidden"
[2026-05-27 12:08:05,769] INFO in _client: HTTP Request: POST http://testserver/api/v1/auth/register "HTTP/1.1 201 Created"
[2026-05-27 12:08:05,771] INFO in _client: HTTP Request: POST http://testserver/api/v1/payments/pay "HTTP/1.1 400 Bad Request"
[2026-05-27 12:08:22,647] INFO in _client: HTTP Request: POST http://testserver/api/v1/auth/register "HTTP/1.1 400 Bad Request"
[2026-05-27 12:08:22,650] INFO in _client: HTTP Request: POST http://testserver/api/v1/auth/register "HTTP/1.1 422 Unprocessable Entity"
[2026-05-27 12:08:22,653] INFO in _client: HTTP Request: POST http://testserver/api/v1/auth/register "HTTP/1.1 422 Unprocessable Entity"
[2026-05-27 12:08:22,657] INFO in _client: HTTP Request: GET http://testserver/api/v1/courts?date=27-05-2026 "HTTP/1.1 400 Bad Request"
[2026-05-27 12:08:22,842] INFO in _client: HTTP Request: POST http://testserver/api/v1/auth/register "HTTP/1.1 201 Created"
[2026-05-27 12:08:22,846] INFO in _client: HTTP Request: POST http://testserver/api/v1/auth/otp/send "HTTP/1.1 200 OK"
[2026-05-27 12:08:22,850] INFO in _client: HTTP Request: POST http://testserver/api/v1/auth/otp/verify "HTTP/1.1 200 OK"
[2026-05-27 12:08:22,850] INFO in _client: HTTP Request: POST http://testserver/api/v1/queues/book "HTTP/1.1 404 Not Found"
[2026-05-27 12:08:23,042] INFO in _client: HTTP Request: POST http://testserver/api/v1/auth/register "HTTP/1.1 201 Created"
[2026-05-27 12:08:23,042] INFO in _client: HTTP Request: POST http://testserver/api/v1/queues/book "HTTP/1.1 403 Forbidden"
[2026-05-27 12:08:23,230] INFO in _client: HTTP Request: POST http://testserver/api/v1/auth/register "HTTP/1.1 201 Created"
[2026-05-27 12:08:23,230] INFO in _client: HTTP Request: POST http://testserver/api/v1/payments/pay "HTTP/1.1 400 Bad Request"
[2026-05-27 12:08:44,311] INFO in _client: HTTP Request: POST http://testserver/api/v1/auth/register "HTTP/1.1 201 Created"
[2026-05-27 12:08:44,316] INFO in _client: HTTP Request: POST http://testserver/api/v1/auth/otp/send "HTTP/1.1 200 OK"
[2026-05-27 12:08:44,316] INFO in _client: HTTP Request: POST http://testserver/api/v1/auth/otp/verify "HTTP/1.1 200 OK"
[2026-05-27 12:08:44,323] INFO in _client: HTTP Request: GET http://testserver/api/v1/courts?date=2026-05-30 "HTTP/1.1 200 OK"
[2026-05-27 12:08:44,327] INFO in _client: HTTP Request: POST http://testserver/api/v1/queues/book "HTTP/1.1 201 Created"
[2026-05-27 12:08:44,327] INFO in _client: HTTP Request: POST http://testserver/api/v1/queues/book "HTTP/1.1 409 Conflict"
[2026-05-27 12:08:44,336] INFO in _client: HTTP Request: POST http://testserver/api/v1/payments/pay "HTTP/1.1 200 OK"
[2026-05-27 12:08:44,523] INFO in _client: HTTP Request: POST http://testserver/api/v1/auth/login "HTTP/1.1 200 OK"
[2026-05-27 12:08:44,527] INFO in _client: HTTP Request: GET http://testserver/api/v1/admin/payments/pending "HTTP/1.1 200 OK"
[2026-05-27 12:08:44,527] INFO in _client: HTTP Request: PATCH http://testserver/api/v1/admin/payments/a7efb0a5f8dc48d2999f9b88/verify "HTTP/1.1 200 OK"
[2026-05-27 12:08:44,533] INFO in _client: HTTP Request: GET http://testserver/api/v1/queues "HTTP/1.1 200 OK"
[2026-05-27 12:10:00,746] INFO in _client: HTTP Request: POST http://testserver/api/v1/auth/register "HTTP/1.1 400 Bad Request"
[2026-05-27 12:10:00,749] INFO in _client: HTTP Request: POST http://testserver/api/v1/auth/register "HTTP/1.1 422 Unprocessable Entity"
[2026-05-27 12:10:00,754] INFO in _client: HTTP Request: POST http://testserver/api/v1/auth/register "HTTP/1.1 422 Unprocessable Entity"
[2026-05-27 12:10:00,758] INFO in _client: HTTP Request: GET http://testserver/api/v1/courts?date=27-05-2026 "HTTP/1.1 400 Bad Request"
[2026-05-27 12:10:00,946] INFO in _client: HTTP Request: POST http://testserver/api/v1/auth/register "HTTP/1.1 201 Created"
[2026-05-27 12:10:00,951] INFO in _client: HTTP Request: POST http://testserver/api/v1/auth/otp/send "HTTP/1.1 200 OK"
[2026-05-27 12:10:00,951] INFO in _client: HTTP Request: POST http://testserver/api/v1/auth/otp/verify "HTTP/1.1 200 OK"
[2026-05-27 12:10:00,957] INFO in _client: HTTP Request: POST http://testserver/api/v1/queues/book "HTTP/1.1 404 Not Found"
[2026-05-27 12:10:01,146] INFO in _client: HTTP Request: POST http://testserver/api/v1/auth/register "HTTP/1.1 201 Created"
[2026-05-27 12:10:01,146] INFO in _client: HTTP Request: POST http://testserver/api/v1/queues/book "HTTP/1.1 403 Forbidden"
[2026-05-27 12:10:01,336] INFO in _client: HTTP Request: POST http://testserver/api/v1/auth/register "HTTP/1.1 201 Created"
[2026-05-27 12:10:01,339] INFO in _client: HTTP Request: POST http://testserver/api/v1/payments/pay "HTTP/1.1 400 Bad Request"
[2026-05-27 12:12:47,434] INFO in server: Shutting down
[2026-05-27 12:12:47,546] INFO in on: Waiting for application shutdown.
[2026-05-27 12:12:47,547] INFO in on: Application shutdown complete.
[2026-05-27 12:12:47,547] INFO in server: Finished server process [3052]
[2026-05-27 12:12:48,294] INFO in server: Started server process [19080]
[2026-05-27 12:12:48,295] INFO in on: Waiting for application startup.
[2026-05-27 12:12:48,295] INFO in main: ⚠️ [API Test Mode] ข้ามการเชื่อมต่อฐานข้อมูล MongoDB ชั่วคราว...
[2026-05-27 12:12:48,295] INFO in on: Application startup complete.
